Determining if the pthread_create exist failed with the following output:
Change Dir: /home/cuser/Justin/Final_CSVParse/build/CMakeFiles/CMakeTmp

Run Build Command:/usr/bin/gmake "cmTryCompileExec2125910992/fast"
/usr/bin/gmake -f CMakeFiles/cmTryCompileExec2125910992.dir/build.make CMakeFiles/cmTryCompileExec2125910992.dir/build
gmake[1]: Entering directory `/home/cuser/Justin/Final_CSVParse/build/CMakeFiles/CMakeTmp'
/usr/bin/cmake -E cmake_progress_report /home/cuser/Justin/Final_CSVParse/build/CMakeFiles/CMakeTmp/CMakeFiles 1
Building C object CMakeFiles/cmTryCompileExec2125910992.dir/CheckSymbolExists.c.o
/usr/bin/cc    -o CMakeFiles/cmTryCompileExec2125910992.dir/CheckSymbolExists.c.o   -c /home/cuser/Justin/Final_CSVParse/build/CMakeFiles/CMakeTmp/CheckSymbolExists.c
Linking C executable cmTryCompileExec2125910992
/usr/bin/cmake -E cmake_link_script CMakeFiles/cmTryCompileExec2125910992.dir/link.txt --verbose=1
/usr/bin/cc       CMakeFiles/cmTryCompileExec2125910992.dir/CheckSymbolExists.c.o  -o cmTryCompileExec2125910992 -rdynamic 
CMakeFiles/cmTryCompileExec2125910992.dir/CheckSymbolExists.c.o: In function `main':
CheckSymbolExists.c:(.text+0x16): undefined reference to `pthread_create'
collect2: error: ld returned 1 exit status
gmake[1]: *** [cmTryCompileExec2125910992] Error 1
gmake[1]: Leaving directory `/home/cuser/Justin/Final_CSVParse/build/CMakeFiles/CMakeTmp'
gmake: *** [cmTryCompileExec2125910992/fast] Error 2

File /home/cuser/Justin/Final_CSVParse/build/CMakeFiles/CMakeTmp/CheckSymbolExists.c:
/* */
#include <pthread.h>

int main(int argc, char** argv)
{
  (void)argv;
#ifndef pthread_create
  return ((int*)(&pthread_create))[argc];
#else
  (void)argc;
  return 0;
#endif
}

Determining if the function pthread_create exists in the pthreads failed with the following output:
Change Dir: /home/cuser/Justin/Final_CSVParse/build/CMakeFiles/CMakeTmp

Run Build Command:/usr/bin/gmake "cmTryCompileExec982579721/fast"
/usr/bin/gmake -f CMakeFiles/cmTryCompileExec982579721.dir/build.make CMakeFiles/cmTryCompileExec982579721.dir/build
gmake[1]: Entering directory `/home/cuser/Justin/Final_CSVParse/build/CMakeFiles/CMakeTmp'
/usr/bin/cmake -E cmake_progress_report /home/cuser/Justin/Final_CSVParse/build/CMakeFiles/CMakeTmp/CMakeFiles 1
Building C object CMakeFiles/cmTryCompileExec982579721.dir/CheckFunctionExists.c.o
/usr/bin/cc   -DCHECK_FUNCTION_EXISTS=pthread_create   -o CMakeFiles/cmTryCompileExec982579721.dir/CheckFunctionExists.c.o   -c /usr/share/cmake/Modules/CheckFunctionExists.c
Linking C executable cmTryCompileExec982579721
/usr/bin/cmake -E cmake_link_script CMakeFiles/cmTryCompileExec982579721.dir/link.txt --verbose=1
/usr/bin/cc   -DCHECK_FUNCTION_EXISTS=pthread_create    CMakeFiles/cmTryCompileExec982579721.dir/CheckFunctionExists.c.o  -o cmTryCompileExec982579721 -rdynamic -lpthreads 
/usr/bin/ld: cannot find -lpthreads
collect2: error: ld returned 1 exit status
gmake[1]: *** [cmTryCompileExec982579721] Error 1
gmake[1]: Leaving directory `/home/cuser/Justin/Final_CSVParse/build/CMakeFiles/CMakeTmp'
gmake: *** [cmTryCompileExec982579721/fast] Error 2


